Flutter crash report.
Please report a bug at https://github.com/flutter/flutter/issues.

## command

flutter pub get

## exception

FileSystemException: FileSystemException: readInto failed, path = '/Users/ericdiniz/Documents/GitHub/LAB_DAMD/lab07-flutter/task_manager/linux/flutter/generated_plugin_registrant.cc' (OS Error: Operation timed out, errno = 60)

```
#0      _checkForErrorResponse (dart:io/common.dart:58:9)
#1      _RandomAccessFile.readInto.<anonymous closure> (dart:io/file_impl.dart:928:7)
#2      _rootRunUnary (dart:async/zone.dart:1538:47)
#3      _CustomZone.runUnary (dart:async/zone.dart:1429:19)
<asynchronous suspension>
#4      _File.readAsBytes.readSized.read.<anonymous closure> (dart:io/file_impl.dart:629:78)
<asynchronous suspension>
```

## flutter doctor

```
[32m[✓][39m Flutter (Channel
    stable, 3.35.4, on
    macOS 15.6.1 24G90
    darwin-arm64,
    locale pt-BR)
    [850ms]
    [32m•[39m Flutter version
      3.35.4 on
      channel stable
      at
      /opt/homebrew/sh
      are/flutter
    [32m•[39m Upstream
      repository
      https://github.c
      om/flutter/flutt
      er.git
    [32m•[39m Framework
      revision
      d693b4b9db (7
      weeks ago),
      2025-09-16
      14:27:41 +0000
    [32m•[39m Engine revision
      c298091351
    [32m•[39m Dart version
      3.9.2
    [32m•[39m DevTools version
      2.48.0
    [32m•[39m Feature flags:
      enable-web,
      enable-linux-des
      ktop,
      enable-macos-des
      ktop,
      enable-windows-d
      esktop,
      enable-android,
      enable-ios,
      cli-animations,
      enable-lldb-debu
      gging

[32m[✓][39m Android toolchain
    - develop for
    Android devices
    (Android SDK
    version 34.0.0)
    [3,2s]
    [32m•[39m Android SDK at
      /Users/ericdiniz
      /Library/Android
      /sdk
    [32m•[39m Emulator version
      36.1.9.0
      (build_id
      13823996)
      (CL:N/A)
    [32m•[39m Platform
      android-34-ext8,
      build-tools
      34.0.0
    [32m•[39m ANDROID_SDK_ROOT
      =
      /Users/ericdiniz
      /Android/Sdk
    [32m•[39m Java binary at:
      /Applications/An
      droid
      Studio.app/Conte
      nts/jbr/Contents
      /Home/bin/java
      This is the JDK
      bundled with the
      latest Android
      Studio
      installation on
      this machine.
      To manually set
      the JDK path,
      use: `flutter
      config
      --jdk-dir="path/
      to/jdk"`.
    [32m•[39m Java version
      OpenJDK Runtime
      Environment
      (build
      21.0.6+-13391695
      -b895.109)
    [32m•[39m All Android
      licenses
      accepted.

[33m[!][39m Xcode - develop
    for iOS and macOS
    (Xcode 16.4)
    [967ms]
    [32m•[39m Xcode at
      /Applications/Xc
      ode.app/Contents
      /Developer
    [32m•[39m Build 16F6
    [31m✗[39m CocoaPods not
      installed.
        CocoaPods is a
        package
        manager for
        iOS or macOS
        platform code.
        Without
        CocoaPods,
        plugins will
        not work on
        iOS or macOS.
        For more info,
        see
        https://flutte
        r.dev/to/platf
        orm-plugins
      For installation
      instructions,
      see
      https://guides.c
      ocoapods.org/usi
      ng/getting-start
      ed.html#installa
      tion

[32m[✓][39m Chrome - develop
    for the web [10ms]
    [32m•[39m Chrome at
      /Applications/Go
      ogle
      Chrome.app/Conte
      nts/MacOS/Google
      Chrome

[32m[✓][39m Android Studio
    (version 2025.1)
    [9ms]
    [32m•[39m Android Studio
      at
      /Applications/An
      droid
      Studio.app/Conte
      nts
    [32m•[39m Flutter plugin
      can be installed
      from:
      🔨
      https://plugins.
      jetbrains.com/pl
      ugin/9212-flutte
      r
    [32m•[39m Dart plugin can
      be installed
      from:
      🔨
      https://plugins.
      jetbrains.com/pl
      ugin/6351-dart
    [32m•[39m Java version
      OpenJDK Runtime
      Environment
      (build
      21.0.6+-13391695
      -b895.109)

[32m[✓][39m VS Code (version
    1.105.1) [8ms]
    [32m•[39m VS Code at
      /Applications/Vi
      sual Studio
      Code.app/Content
      s
    [32m•[39m Flutter
      extension
      version 3.122.0

[32m[✓][39m Connected device
    (3 available)
    [7,7s]
    [32m•[39m iPhone 15 Pro
      Max (mobile) •
      569BE8C9-03EB-49
      1B-869E-E254EAA7
      3CF5 • ios
      •
      com.apple.CoreSi
      mulator.SimRunti
      me.iOS-17-2
      (simulator)
    [32m•[39m macOS (desktop)
      • macos
      • darwin-arm64
      • macOS 15.6.1
      24G90
      darwin-arm64
    [32m•[39m Chrome (web)
      • chrome
      • web-javascript
      • Google Chrome
      141.0.7390.123

[32m[✓][39m Network resources
    [1.446ms]
    [32m•[39m All expected
      network
      resources are
      available.

[33m![39m Doctor found issues
  in 1 category.
```
