Flutter crash report.
Please report a bug at https://github.com/flutter/flutter/issues.

## command

flutter pub get

## exception

FileSystemException: FileSystemException: readInto failed, path = '/Users/ericdiniz/Documents/GitHub/LAB_DAMD/lab07-flutter/task_manager/android/gradle.properties' (OS Error: Operation timed out, errno = 60)

```
#0      _RandomAccessFile.readIntoSync (dart:io/file_impl.dart:948:7)
#1      _File.readAsBytesSync (dart:io/file_impl.dart:683:35)
#2      _File.readAsStringSync (dart:io/file_impl.dart:719:18)
#3      ForwardingFile.readAsStringSync (package:file/src/forwarding/forwarding_file.dart:99:16)
#4      ErrorHandlingFile.readAsStringSync.<anonymous closure> (package:flutter_tools/src/base/error_handling_io.dart:212:22)
#5      _runSync (package:flutter_tools/src/base/error_handling_io.dart:552:14)
#6      ErrorHandlingFile.readAsStringSync (package:flutter_tools/src/base/error_handling_io.dart:211:12)
#7      isAppUsingAndroidX (package:flutter_tools/src/android/gradle.dart:1093:21)
#8      _writeAndroidPluginRegistrant (package:flutter_tools/src/flutter_plugins.dart:444:17)
#9      injectPlugins (package:flutter_tools/src/flutter_plugins.dart:1272:11)
<asynchronous suspension>
#10     FlutterProject.ensureReadyForPlatformSpecificTooling (package:flutter_tools/src/project.dart:395:5)
<asynchronous suspension>
#11     PackagesGetCommand.runCommand (package:flutter_tools/src/commands/packages.dart:395:9)
<asynchronous suspension>
#12     FlutterCommand.run.<anonymous closure> (package:flutter_tools/src/runner/flutter_command.dart:1581:27)
<asynchronous suspension>
#13     AppContext.run.<anonymous closure> (package:flutter_tools/src/base/context.dart:154:19)
<asynchronous suspension>
#14     CommandRunner.runCommand (package:args/command_runner.dart:212:13)
<asynchronous suspension>
#15     FlutterCommandRunner.runCommand.<anonymous closure> (package:flutter_tools/src/runner/flutter_command_runner.dart:503:9)
<asynchronous suspension>
#16     AppContext.run.<anonymous closure> (package:flutter_tools/src/base/context.dart:154:19)
<asynchronous suspension>
#17     FlutterCommandRunner.runCommand (package:flutter_tools/src/runner/flutter_command_runner.dart:438:5)
<asynchronous suspension>
#18     run.<anonymous closure>.<anonymous closure> (package:flutter_tools/runner.dart:98:11)
<asynchronous suspension>
#19     AppContext.run.<anonymous closure> (package:flutter_tools/src/base/context.dart:154:19)
<asynchronous suspension>
#20     main (package:flutter_tools/executable.dart:101:3)
<asynchronous suspension>
```

## flutter doctor

```
[32m[✓][39m Flutter (Channel stable, 3.35.4, on macOS 15.6.1 24G90 darwin-arm64, locale pt-BR)
    [961ms]
    [32m•[39m Flutter version 3.35.4 on channel stable at /opt/homebrew/share/flutter
    [32m•[39m Upstream repository https://github.com/flutter/flutter.git
    [32m•[39m Framework revision d693b4b9db (7 weeks ago), 2025-09-16 14:27:41 +0000
    [32m•[39m Engine revision c298091351
    [32m•[39m Dart version 3.9.2
    [32m•[39m DevTools version 2.48.0
    [32m•[39m Feature flags: enable-web, enable-linux-desktop, enable-macos-desktop,
      enable-windows-desktop, enable-android, enable-ios, cli-animations,
      enable-lldb-debugging

[32m[✓][39m Android toolchain - develop for Android devices (Android SDK version 34.0.0) [4,6s]
    [32m•[39m Android SDK at /Users/ericdiniz/Library/Android/sdk
    [32m•[39m Emulator version 36.1.9.0 (build_id 13823996) (CL:N/A)
    [32m•[39m Platform android-34-ext8, build-tools 34.0.0
    [32m•[39m ANDROID_SDK_ROOT = /Users/ericdiniz/Android/Sdk
    [32m•[39m Java binary at: /Applications/Android
      Studio.app/Contents/jbr/Contents/Home/bin/java
      This is the JDK bundled with the latest Android Studio installation on this
      machine.
      To manually set the JDK path, use: `flutter config --jdk-dir="path/to/jdk"`.
    [32m•[39m Java version OpenJDK Runtime Environment (build 21.0.6+-13391695-b895.109)
    [32m•[39m All Android licenses accepted.

[32m[✓][39m Xcode - develop for iOS and macOS (Xcode 16.4) [2,6s]
    [32m•[39m Xcode at /Applications/Xcode.app/Contents/Developer
    [32m•[39m Build 16F6
    [32m•[39m CocoaPods version 1.16.2

[32m[✓][39m Chrome - develop for the web [12ms]
    [32m•[39m Chrome at /Applications/Google Chrome.app/Contents/MacOS/Google Chrome

[32m[✓][39m Android Studio (version 2025.1) [11ms]
    [32m•[39m Android Studio at /Applications/Android Studio.app/Contents
    [32m•[39m Flutter plugin can be installed from:
      🔨 https://plugins.jetbrains.com/plugin/9212-flutter
    [32m•[39m Dart plugin can be installed from:
      🔨 https://plugins.jetbrains.com/plugin/6351-dart
    [32m•[39m Java version OpenJDK Runtime Environment (build 21.0.6+-13391695-b895.109)

[32m[✓][39m VS Code (version 1.105.1) [8ms]
    [32m•[39m VS Code at /Applications/Visual Studio Code.app/Contents
    [32m•[39m Flutter extension version 3.122.0

[32m[✓][39m Connected device (3 available) [9,4s]
    [32m•[39m iPhone 15 Pro Max (mobile) • 569BE8C9-03EB-491B-869E-E254EAA73CF5 • ios
      • com.apple.CoreSimulator.SimRuntime.iOS-17-2 (simulator)
    [32m•[39m macOS (desktop)            • macos                                • darwin-arm64
      • macOS 15.6.1 24G90 darwin-arm64
    [32m•[39m Chrome (web)               • chrome                               • web-javascript
      • Google Chrome 141.0.7390.123

[32m[✓][39m Network resources [855ms]
    [32m•[39m All expected network resources are available.

[32m•[39m No issues found!
```
