Flutter crash report.
Please report a bug at https://github.com/flutter/flutter/issues.

## command

flutter assemble --no-version-check --output=/Users/ericdiniz/Documents/GitHub/LAB_DAMD/lab07-flutter/task_manager/build/ios/Debug-iphonesimulator/ -dTargetPlatform=ios -dTargetFile=/Users/ericdiniz/Documents/GitHub/LAB_DAMD/lab07-flutter/task_manager/lib/main.dart -dBuildMode=debug -dConfiguration=Debug -dIosArchs=arm64 -dSdkRoot=/Applications/Xcode.app/Contents/Developer/Platforms/iPhoneSimulator.platform/Developer/SDKs/iPhoneSimulator18.5.sdk -dSplitDebugInfo= -dTreeShakeIcons=false -dTrackWidgetCreation=true -dDartObfuscation=false -dAction=build -dFrontendServerStarterPath= --ExtraGenSnapshotOptions= --DartDefines=RkxVVFRFUl9WRVJTSU9OPTMuMzUuNA==,RkxVVFRFUl9DSEFOTkVMPXN0YWJsZQ==,RkxVVFRFUl9HSVRfVVJMPWh0dHBzOi8vZ2l0aHViLmNvbS9mbHV0dGVyL2ZsdXR0ZXIuZ2l0,RkxVVFRFUl9GUkFNRVdPUktfUkVWSVNJT049ZDY5M2I0YjlkYg==,RkxVVFRFUl9FTkdJTkVfUkVWSVNJT049YzI5ODA5MTM1MQ==,RkxVVFRFUl9EQVJUX1ZFUlNJT049My45LjI= --ExtraFrontEndOptions= -dSrcRoot=/Users/ericdiniz/Documents/GitHub/LAB_DAMD/lab07-flutter/task_manager/ios -dTargetDeviceOSVersion=17.2 -dCodesignIdentity=- debug_ios_bundle_flutter_assets

## exception

FileSystemException: FileSystemException: readInto failed, path = '/Users/ericdiniz/Documents/GitHub/LAB_DAMD/lab07-flutter/task_manager/.dart_tool/flutter_build/2f779da48c30e2e88bb3f18ccde8346e/kernel_snapshot_program.d' (OS Error: Operation timed out, errno = 60)

```
#0      _RandomAccessFile.readIntoSync (dart:io/file_impl.dart:948:7)
#1      _File.readAsBytesSync (dart:io/file_impl.dart:683:35)
#2      _File.readAsStringSync (dart:io/file_impl.dart:719:18)
#3      ForwardingFile.readAsStringSync (package:file/src/forwarding/forwarding_file.dart:99:16)
#4      ErrorHandlingFile.readAsStringSync.<anonymous closure> (package:flutter_tools/src/base/error_handling_io.dart:212:22)
#5      _runSync (package:flutter_tools/src/base/error_handling_io.dart:552:14)
#6      ErrorHandlingFile.readAsStringSync (package:flutter_tools/src/base/error_handling_io.dart:211:12)
#7      SourceVisitor.visitDepfile (package:flutter_tools/src/build_system/source.dart:68:37)
#8      _Array.forEach (dart:core-patch/array.dart:41:8)
#9      Target._resolveConfiguration (package:flutter_tools/src/build_system/build_system.dart:251:14)
#10     Target.resolveInputs (package:flutter_tools/src/build_system/build_system.dart:198:12)
#11     Target._toNode (package:flutter_tools/src/build_system/build_system.dart:162:39)
#12     Target._toNode (package:flutter_tools/src/build_system/build_system.dart:168:63)
#13     Target._toNode (package:flutter_tools/src/build_system/build_system.dart:168:63)
#14     FlutterBuildSystem.build (package:flutter_tools/src/build_system/build_system.dart:620:30)
#15     AssembleCommand.runCommand (package:flutter_tools/src/commands/assemble.dart:346:51)
#16     FlutterCommand.verifyThenRunCommand (package:flutter_tools/src/runner/flutter_command.dart:1904:12)
<asynchronous suspension>
#17     FlutterCommand.run.<anonymous closure> (package:flutter_tools/src/runner/flutter_command.dart:1581:27)
<asynchronous suspension>
#18     AppContext.run.<anonymous closure> (package:flutter_tools/src/base/context.dart:154:19)
<asynchronous suspension>
#19     CommandRunner.runCommand (package:args/command_runner.dart:212:13)
<asynchronous suspension>
#20     FlutterCommandRunner.runCommand.<anonymous closure> (package:flutter_tools/src/runner/flutter_command_runner.dart:503:9)
<asynchronous suspension>
#21     AppContext.run.<anonymous closure> (package:flutter_tools/src/base/context.dart:154:19)
<asynchronous suspension>
#22     FlutterCommandRunner.runCommand (package:flutter_tools/src/runner/flutter_command_runner.dart:438:5)
<asynchronous suspension>
#23     run.<anonymous closure>.<anonymous closure> (package:flutter_tools/runner.dart:98:11)
<asynchronous suspension>
#24     AppContext.run.<anonymous closure> (package:flutter_tools/src/base/context.dart:154:19)
<asynchronous suspension>
#25     main (package:flutter_tools/executable.dart:101:3)
<asynchronous suspension>
```

## flutter doctor

```
[✓] Flutter (Channel stable, 3.35.4, on macOS 15.6.1 24G90 darwin-arm64, locale pt-BR) [3,8s]
    • Flutter version 3.35.4 on channel stable at /opt/homebrew/share/flutter
    • Upstream repository https://github.com/flutter/flutter.git
    • Framework revision d693b4b9db (7 weeks ago), 2025-09-16 14:27:41 +0000
    • Engine revision c298091351
    • Dart version 3.9.2
    • DevTools version 2.48.0
    • Feature flags: enable-web, enable-linux-desktop, enable-macos-desktop, enable-windows-desktop, enable-android, enable-ios, cli-animations, enable-lldb-debugging

[✓] Android toolchain - develop for Android devices (Android SDK version 34.0.0) [8,6s]
    • Android SDK at /Users/ericdiniz/Library/Android/sdk
    • Emulator version 36.1.9.0 (build_id 13823996) (CL:N/A)
    • Platform android-34-ext8, build-tools 34.0.0
    • ANDROID_SDK_ROOT = /Users/ericdiniz/Android/Sdk
    • Java binary at: /Applications/Android Studio.app/Contents/jbr/Contents/Home/bin/java
      This is the JDK bundled with the latest Android Studio installation on this machine.
      To manually set the JDK path, use: `flutter config --jdk-dir="path/to/jdk"`.
    • Java version OpenJDK Runtime Environment (build 21.0.6+-13391695-b895.109)
    • All Android licenses accepted.

[!] Xcode - develop for iOS and macOS (Xcode 16.4) [4,2s]
    • Xcode at /Applications/Xcode.app/Contents/Developer
    • Build 16F6
    ✗ CocoaPods not installed.
        CocoaPods is a package manager for iOS or macOS platform code.
        Without CocoaPods, plugins will not work on iOS or macOS.
        For more info, see https://flutter.dev/to/platform-plugins
      For installation instructions, see https://guides.cocoapods.org/using/getting-started.html#installation

[✓] Chrome - develop for the web [49ms]
    • Chrome at /Applications/Google Chrome.app/Contents/MacOS/Google Chrome

[✓] Android Studio (version 2025.1) [48ms]
    • Android Studio at /Applications/Android Studio.app/Contents
    • Flutter plugin can be installed from:
      🔨 https://plugins.jetbrains.com/plugin/9212-flutter
    • Dart plugin can be installed from:
      🔨 https://plugins.jetbrains.com/plugin/6351-dart
    • Java version OpenJDK Runtime Environment (build 21.0.6+-13391695-b895.109)

[✓] VS Code (version 1.105.1) [46ms]
    • VS Code at /Applications/Visual Studio Code.app/Contents
    • Flutter extension version 3.122.0

[✓] Connected device (3 available) [11,2s]
    • iPhone 15 Pro Max (mobile) • 569BE8C9-03EB-491B-869E-E254EAA73CF5 • ios            • com.apple.CoreSimulator.SimRuntime.iOS-17-2 (simulator)
    • macOS (desktop)            • macos                                • darwin-arm64   • macOS 15.6.1 24G90 darwin-arm64
    • Chrome (web)               • chrome                               • web-javascript • Google Chrome 141.0.7390.123

[✓] Network resources [779ms]
    • All expected network resources are available.

! Doctor found issues in 1 category.
```
